\BOOKMARK [0][-]{chapter*.1}{\376\377\000A\000c\000k\000n\000o\000w\000l\000e\000d\000g\000e\000m\000e\000n\000t}{}% 1
\BOOKMARK [0][-]{chapter*.2}{\376\377\000A\000b\000s\000t\000r\000a\000c\000t}{}% 2
\BOOKMARK [0][-]{chapter*.3}{\376\377\000L\000i\000s\000t\000\040\000o\000f\000\040\000F\000i\000g\000u\000r\000e\000s}{}% 3
\BOOKMARK [0][-]{chapter*.3}{\376\377\000L\000i\000s\000t\000\040\000o\000f\000\040\000T\000a\000b\000l\000e\000s}{}% 4
\BOOKMARK [0][-]{chapter*.3}{\376\377\000L\000i\000s\000t\000\040\000o\000f\000\040\000A\000b\000b\000r\000e\000v\000i\000a\000t\000i\000o\000n\000s}{}% 5
\BOOKMARK [0][-]{chapter.1}{\376\377\000I\000n\000t\000r\000o\000d\000u\000c\000t\000i\000o\000n}{}% 6
\BOOKMARK [1][-]{section.1.1}{\376\377\000S\000t\000a\000t\000e\000m\000e\000n\000t\000\040\000o\000f\000\040\000t\000h\000e\000\040\000P\000r\000o\000b\000l\000e\000m}{chapter.1}% 7
\BOOKMARK [1][-]{section.1.2}{\376\377\000O\000b\000j\000e\000c\000t\000i\000v\000e\000s}{chapter.1}% 8
\BOOKMARK [2][-]{subsection.1.2.1}{\376\377\000G\000e\000n\000e\000r\000a\000l\000\040\000O\000b\000j\000e\000c\000t\000i\000v\000e}{section.1.2}% 9
\BOOKMARK [2][-]{subsection.1.2.2}{\376\377\000S\000p\000e\000c\000i\000f\000i\000c\000\040\000O\000b\000j\000e\000c\000t\000i\000v\000e\000s}{section.1.2}% 10
\BOOKMARK [1][-]{section.1.3}{\376\377\000S\000c\000o\000p\000e\000\040\000a\000n\000d\000\040\000L\000i\000m\000i\000t\000a\000t\000i\000o\000n\000s}{chapter.1}% 11
\BOOKMARK [2][-]{subsection.1.3.1}{\376\377\000I\000n\000-\000S\000c\000o\000p\000e\000\040\000E\000l\000e\000m\000e\000n\000t\000s}{section.1.3}% 12
\BOOKMARK [2][-]{subsection.1.3.2}{\376\377\000O\000u\000t\000-\000o\000f\000-\000S\000c\000o\000p\000e\000\040\000E\000l\000e\000m\000e\000n\000t\000s}{section.1.3}% 13
\BOOKMARK [2][-]{subsection.1.3.3}{\376\377\000L\000i\000m\000i\000t\000a\000t\000i\000o\000n\000s}{section.1.3}% 14
\BOOKMARK [1][-]{section.1.4}{\376\377\000M\000e\000t\000h\000o\000d\000o\000l\000o\000g\000y\000\040\000a\000n\000d\000\040\000A\000p\000p\000r\000o\000a\000c\000h}{chapter.1}% 15
\BOOKMARK [2][-]{subsection.1.4.1}{\376\377\000D\000e\000v\000e\000l\000o\000p\000m\000e\000n\000t\000\040\000M\000e\000t\000h\000o\000d\000o\000l\000o\000g\000y\000:\000\040\000A\000g\000i\000l\000e\000-\000S\000c\000r\000u\000m}{section.1.4}% 16
\BOOKMARK [2][-]{subsection.1.4.2}{\376\377\000S\000y\000s\000t\000e\000m\000\040\000A\000r\000c\000h\000i\000t\000e\000c\000t\000u\000r\000e\000:\000\040\000M\000i\000c\000r\000o\000s\000e\000r\000v\000i\000c\000e\000s\000\040\000w\000i\000t\000h\000\040\000L\000a\000y\000e\000r\000e\000d\000\040\000D\000e\000s\000i\000g\000n}{section.1.4}% 17
\BOOKMARK [2][-]{subsection.1.4.3}{\376\377\000H\000y\000b\000r\000i\000d\000\040\000A\000I\000\040\000S\000t\000r\000a\000t\000e\000g\000y\000:\000\040\000S\000k\000e\000l\000e\000t\000o\000n\000\040\000\046\000\040\000F\000l\000e\000s\000h}{section.1.4}% 18
\BOOKMARK [2][-]{subsection.1.4.4}{\376\377\000G\000a\000t\000e\000k\000e\000e\000p\000e\000r\000\040\000P\000a\000t\000t\000e\000r\000n\000:\000\040\000T\000h\000r\000e\000e\000-\000T\000i\000e\000r\000\040\000P\000r\000o\000g\000r\000e\000s\000s\000i\000o\000n\000\040\000L\000o\000g\000i\000c}{section.1.4}% 19
\BOOKMARK [2][-]{subsection.1.4.5}{\376\377\000S\000p\000a\000c\000e\000d\000\040\000R\000e\000p\000e\000t\000i\000t\000i\000o\000n\000\040\000I\000n\000t\000e\000g\000r\000a\000t\000i\000o\000n\000:\000\040\000M\000a\000s\000t\000e\000r\000y\000\040\000D\000e\000c\000a\000y\000\040\000A\000l\000g\000o\000r\000i\000t\000h\000m}{section.1.4}% 20
\BOOKMARK [2][-]{subsection.1.4.6}{\376\377\000M\000u\000l\000t\000i\000-\000P\000a\000t\000h\000\040\000B\000r\000a\000n\000c\000h\000i\000n\000g\000\040\000L\000o\000g\000i\000c}{section.1.4}% 21
\BOOKMARK [2][-]{subsection.1.4.7}{\376\377\000R\000e\000s\000o\000u\000r\000c\000e\000\040\000G\000e\000n\000e\000r\000a\000t\000i\000o\000n\000:\000\040\000O\000n\000t\000o\000l\000o\000g\000y\000-\000G\000r\000o\000u\000n\000d\000e\000d\000\040\000A\000I\000\040\000C\000o\000n\000t\000e\000n\000t}{section.1.4}% 22
\BOOKMARK [2][-]{subsection.1.4.8}{\376\377\000T\000e\000c\000h\000n\000o\000l\000o\000g\000y\000\040\000S\000t\000a\000c\000k\000\040\000a\000n\000d\000\040\000J\000u\000s\000t\000i\000f\000i\000c\000a\000t\000i\000o\000n\000s}{section.1.4}% 23
\BOOKMARK [2][-]{subsection.1.4.9}{\376\377\000L\000L\000M\000\040\000S\000e\000l\000e\000c\000t\000i\000o\000n\000\040\000R\000a\000t\000i\000o\000n\000a\000l\000e}{section.1.4}% 24
\BOOKMARK [2][-]{subsection.1.4.10}{\376\377\000D\000e\000v\000e\000l\000o\000p\000m\000e\000n\000t\000\040\000P\000h\000a\000s\000e\000s}{section.1.4}% 25
\BOOKMARK [1][-]{section.1.5}{\376\377\000P\000l\000a\000n\000\040\000o\000f\000\040\000A\000c\000t\000i\000v\000i\000t\000i\000e\000s}{chapter.1}% 26
\BOOKMARK [1][-]{section.1.6}{\376\377\000B\000u\000d\000g\000e\000t\000\040\000B\000r\000e\000a\000k\000d\000o\000w\000n}{chapter.1}% 27
\BOOKMARK [1][-]{section.1.7}{\376\377\000S\000i\000g\000n\000i\000f\000i\000c\000a\000n\000c\000e\000\040\000o\000f\000\040\000t\000h\000e\000\040\000P\000r\000o\000j\000e\000c\000t}{chapter.1}% 28
\BOOKMARK [2][-]{subsection.1.7.1}{\376\377\000A\000c\000a\000d\000e\000m\000i\000c\000\040\000S\000i\000g\000n\000i\000f\000i\000c\000a\000n\000c\000e}{section.1.7}% 29
\BOOKMARK [2][-]{subsection.1.7.2}{\376\377\000R\000e\000g\000i\000o\000n\000a\000l\000\040\000a\000n\000d\000\040\000S\000o\000c\000i\000o\000e\000c\000o\000n\000o\000m\000i\000c\000\040\000S\000i\000g\000n\000i\000f\000i\000c\000a\000n\000c\000e\000\040\000\050\000E\000t\000h\000i\000o\000p\000i\000a\000n\000\040\000C\000o\000n\000t\000e\000x\000t\000\051}{section.1.7}% 30
\BOOKMARK [2][-]{subsection.1.7.3}{\376\377\000T\000e\000c\000h\000n\000i\000c\000a\000l\000\040\000a\000n\000d\000\040\000P\000r\000a\000c\000t\000i\000c\000a\000l\000\040\000S\000i\000g\000n\000i\000f\000i\000c\000a\000n\000c\000e}{section.1.7}% 31
\BOOKMARK [2][-]{subsection.1.7.4}{\376\377\000U\000s\000e\000r\000\040\000a\000n\000d\000\040\000S\000t\000a\000k\000e\000h\000o\000l\000d\000e\000r\000\040\000S\000i\000g\000n\000i\000f\000i\000c\000a\000n\000c\000e}{section.1.7}% 32
\BOOKMARK [1][-]{section.1.8}{\376\377\000O\000u\000t\000l\000i\000n\000e\000\040\000o\000f\000\040\000t\000h\000e\000\040\000S\000t\000u\000d\000y}{chapter.1}% 33
\BOOKMARK [0][-]{chapter.2}{\376\377\000L\000i\000t\000e\000r\000a\000t\000u\000r\000e\000\040\000R\000e\000v\000i\000e\000w}{}% 34
\BOOKMARK [1][-]{section.2.1}{\376\377\000S\000t\000u\000d\000y\000\040\000o\000f\000\040\000R\000e\000l\000a\000t\000e\000d\000\040\000W\000o\000r\000k\000s}{chapter.2}% 35
\BOOKMARK [2][-]{subsection.2.1.1}{\376\377\000E\000v\000o\000l\000u\000t\000i\000o\000n\000\040\000o\000f\000\040\000I\000n\000t\000e\000l\000l\000i\000g\000e\000n\000t\000\040\000T\000u\000t\000o\000r\000i\000n\000g\000\040\000S\000y\000s\000t\000e\000m\000s}{section.2.1}% 36
\BOOKMARK [2][-]{subsection.2.1.2}{\376\377\000K\000n\000o\000w\000l\000e\000d\000g\000e\000\040\000S\000p\000a\000c\000e\000\040\000T\000h\000e\000o\000r\000y\000\040\000a\000n\000d\000\040\000O\000n\000t\000o\000l\000o\000g\000y\000-\000B\000a\000s\000e\000d\000\040\000C\000u\000r\000r\000i\000c\000u\000l\000u\000m\000\040\000D\000e\000s\000i\000g\000n}{section.2.1}% 37
\BOOKMARK [2][-]{subsection.2.1.3}{\376\377\000K\000n\000o\000w\000l\000e\000d\000g\000e\000\040\000R\000e\000p\000r\000e\000s\000e\000n\000t\000a\000t\000i\000o\000n\000:\000\040\000F\000r\000o\000m\000\040\000O\000n\000t\000o\000l\000o\000g\000i\000e\000s\000\040\000t\000o\000\040\000R\000e\000t\000r\000i\000e\000v\000a\000l\000-\000A\000u\000g\000m\000e\000n\000t\000e\000d\000\040\000G\000e\000n\000e\000r\000a\000t\000i\000o\000n}{section.2.1}% 38
\BOOKMARK [2][-]{subsection.2.1.4}{\376\377\000B\000a\000y\000e\000s\000i\000a\000n\000\040\000K\000n\000o\000w\000l\000e\000d\000g\000e\000\040\000T\000r\000a\000c\000i\000n\000g\000\040\000a\000n\000d\000\040\000M\000a\000s\000t\000e\000r\000y\000\040\000S\000t\000a\000t\000e\000\040\000M\000a\000c\000h\000i\000n\000e\000s}{section.2.1}% 39
\BOOKMARK [2][-]{subsection.2.1.5}{\376\377\000A\000d\000a\000p\000t\000i\000v\000e\000\040\000A\000s\000s\000e\000s\000s\000m\000e\000n\000t\000\040\000a\000n\000d\000\040\000I\000t\000e\000m\000\040\000R\000e\000s\000p\000o\000n\000s\000e\000\040\000T\000h\000e\000o\000r\000y}{section.2.1}% 40
\BOOKMARK [2][-]{subsection.2.1.6}{\376\377\000A\000d\000a\000p\000t\000i\000v\000e\000\040\000L\000e\000a\000r\000n\000i\000n\000g\000,\000\040\000M\000a\000s\000t\000e\000r\000y\000-\000B\000a\000s\000e\000d\000\040\000P\000r\000o\000g\000r\000e\000s\000s\000i\000o\000n\000,\000\040\000a\000n\000d\000\040\000A\000s\000s\000e\000s\000s\000m\000e\000n\000t\000-\000D\000r\000i\000v\000e\000n\000\040\000A\000d\000a\000p\000t\000a\000t\000i\000o\000n}{section.2.1}% 41
\BOOKMARK [2][-]{subsection.2.1.7}{\376\377\000S\000p\000a\000c\000e\000d\000\040\000R\000e\000p\000e\000t\000i\000t\000i\000o\000n\000\040\000a\000n\000d\000\040\000K\000n\000o\000w\000l\000e\000d\000g\000e\000\040\000D\000e\000c\000a\000y}{section.2.1}% 42
\BOOKMARK [2][-]{subsection.2.1.8}{\376\377\000P\000e\000r\000s\000o\000n\000a\000l\000i\000s\000a\000t\000i\000o\000n\000,\000\040\000A\000d\000a\000p\000t\000i\000v\000e\000\040\000H\000y\000p\000e\000r\000m\000e\000d\000i\000a\000,\000\040\000a\000n\000d\000\040\000M\000u\000l\000t\000i\000-\000P\000a\000t\000h\000\040\000L\000e\000a\000r\000n\000i\000n\000g}{section.2.1}% 43
\BOOKMARK [2][-]{subsection.2.1.9}{\376\377\000R\000e\000s\000o\000u\000r\000c\000e\000\040\000A\000g\000g\000r\000e\000g\000a\000t\000i\000o\000n\000\040\000a\000n\000d\000\040\000C\000o\000n\000t\000e\000n\000t\000\040\000C\000u\000r\000a\000t\000i\000o\000n}{section.2.1}% 44
\BOOKMARK [2][-]{subsection.2.1.10}{\376\377\000G\000a\000m\000i\000f\000i\000c\000a\000t\000i\000o\000n\000\040\000i\000n\000\040\000E\000d\000u\000c\000a\000t\000i\000o\000n\000a\000l\000\040\000T\000e\000c\000h\000n\000o\000l\000o\000g\000y}{section.2.1}% 45
\BOOKMARK [2][-]{subsection.2.1.11}{\376\377\000L\000a\000r\000g\000e\000\040\000L\000a\000n\000g\000u\000a\000g\000e\000\040\000M\000o\000d\000e\000l\000s\000\040\000a\000s\000\040\000E\000d\000u\000c\000a\000t\000i\000o\000n\000a\000l\000\040\000T\000o\000o\000l\000s}{section.2.1}% 46
\BOOKMARK [2][-]{subsection.2.1.12}{\376\377\000L\000e\000a\000r\000n\000i\000n\000g\000\040\000A\000n\000a\000l\000y\000t\000i\000c\000s\000\040\000a\000n\000d\000\040\000P\000r\000o\000g\000r\000e\000s\000s\000\040\000D\000a\000s\000h\000b\000o\000a\000r\000d\000s}{section.2.1}% 47
\BOOKMARK [2][-]{subsection.2.1.13}{\376\377\000A\000c\000a\000d\000e\000m\000i\000c\000\040\000F\000o\000u\000n\000d\000a\000t\000i\000o\000n\000s\000:\000\040\000S\000y\000n\000t\000h\000e\000s\000i\000s\000\040\000o\000f\000\040\000E\000d\000u\000c\000a\000t\000i\000o\000n\000a\000l\000\040\000P\000s\000y\000c\000h\000o\000l\000o\000g\000y}{section.2.1}% 48
\BOOKMARK [1][-]{section.2.2}{\376\377\000I\000d\000e\000n\000t\000i\000f\000y\000i\000n\000g\000\040\000M\000i\000l\000e\000s\000t\000o\000n\000e\000s\000\040\000o\000f\000\040\000t\000h\000e\000\040\000R\000e\000l\000a\000t\000e\000d\000\040\000L\000i\000t\000e\000r\000a\000t\000u\000r\000e\000s\000\040\000a\000n\000d\000\040\000F\000i\000n\000d\000i\000n\000g\000\040\000t\000h\000e\000\040\000G\000a\000p\000s}{chapter.2}% 49
\BOOKMARK [2][-]{subsection.2.2.1}{\376\377\000K\000e\000y\000\040\000M\000i\000l\000e\000s\000t\000o\000n\000e\000s}{section.2.2}% 50
\BOOKMARK [2][-]{subsection.2.2.2}{\376\377\000C\000r\000i\000t\000i\000c\000a\000l\000\040\000G\000a\000p\000s\000\040\000i\000n\000\040\000E\000x\000i\000s\000t\000i\000n\000g\000\040\000S\000o\000l\000u\000t\000i\000o\000n\000s}{section.2.2}% 51
\BOOKMARK [1][-]{section.2.3}{\376\377\000L\000e\000s\000s\000o\000n\000s\000\040\000L\000e\000a\000r\000n\000e\000d\000\040\000f\000r\000o\000m\000\040\000L\000i\000t\000e\000r\000a\000t\000u\000r\000e\000s}{chapter.2}% 52
\BOOKMARK [0][-]{chapter.3}{\376\377\000P\000r\000o\000b\000l\000e\000m\000\040\000A\000n\000a\000l\000y\000s\000i\000s\000\040\000a\000n\000d\000\040\000M\000o\000d\000e\000l\000i\000n\000g}{}% 53
\BOOKMARK [1][-]{section.3.1}{\376\377\000E\000x\000i\000s\000t\000i\000n\000g\000\040\000S\000y\000s\000t\000e\000m\000\040\000a\000n\000d\000\040\000I\000t\000s\000\040\000P\000r\000o\000b\000l\000e\000m\000s}{chapter.3}% 54
\BOOKMARK [1][-]{section.3.2}{\376\377\000R\000e\000q\000u\000i\000r\000e\000m\000e\000n\000t\000s\000\040\000E\000l\000i\000c\000i\000t\000a\000t\000i\000o\000n\000\040\000a\000n\000d\000\040\000S\000p\000e\000c\000i\000f\000i\000c\000a\000t\000i\000o\000n}{chapter.3}% 55
\BOOKMARK [1][-]{section.3.3}{\376\377\000S\000y\000s\000t\000e\000m\000\040\000M\000o\000d\000e\000l\000i\000n\000g}{chapter.3}% 56
\BOOKMARK [2][-]{subsection.3.3.1}{\376\377\000U\000s\000e\000\040\000C\000a\000s\000e\000\040\000M\000o\000d\000e\000l}{section.3.3}% 57
\BOOKMARK [2][-]{subsection.3.3.2}{\376\377\000F\000u\000n\000c\000t\000i\000o\000n\000a\000l\000\040\000R\000e\000q\000u\000i\000r\000e\000m\000e\000n\000t\000s\000\040\000T\000r\000a\000c\000e\000a\000b\000i\000l\000i\000t\000y}{section.3.3}% 58
\BOOKMARK [2][-]{subsection.3.3.3}{\376\377\000U\000M\000L\000\040\000C\000l\000a\000s\000s\000\040\000D\000i\000a\000g\000r\000a\000m}{section.3.3}% 59
\BOOKMARK [2][-]{subsection.3.3.4}{\376\377\000D\000y\000n\000a\000m\000i\000c\000\040\000M\000o\000d\000e\000l\000s\000\040\000o\000f\000\040\000a\000\040\000S\000y\000s\000t\000e\000m}{section.3.3}% 60
\BOOKMARK [1][-]{section.3.4}{\376\377\000M\000o\000d\000e\000l\000\040\000V\000a\000l\000i\000d\000a\000t\000i\000o\000n}{chapter.3}% 61
\BOOKMARK [0][-]{chapter.4}{\376\377\000S\000y\000s\000t\000e\000m\000\040\000D\000e\000s\000i\000g\000n}{}% 62
\BOOKMARK [1][-]{section.4.1}{\376\377\000O\000v\000e\000r\000v\000i\000e\000w}{chapter.4}% 63
\BOOKMARK [1][-]{section.4.2}{\376\377\000S\000p\000e\000c\000i\000f\000y\000i\000n\000g\000\040\000t\000h\000e\000\040\000D\000e\000s\000i\000g\000n\000\040\000G\000o\000a\000l\000s}{chapter.4}% 64
\BOOKMARK [1][-]{section.4.3}{\376\377\000S\000y\000s\000t\000e\000m\000\040\000D\000e\000s\000i\000g\000n}{chapter.4}% 65
\BOOKMARK [2][-]{subsection.4.3.1}{\376\377\000P\000r\000o\000p\000o\000s\000e\000d\000\040\000S\000o\000f\000t\000w\000a\000r\000e\000\040\000A\000r\000c\000h\000i\000t\000e\000c\000t\000u\000r\000e}{section.4.3}% 66
\BOOKMARK [2][-]{subsection.4.3.2}{\376\377\000S\000u\000b\000s\000y\000s\000t\000e\000m\000\040\000D\000e\000c\000o\000m\000p\000o\000s\000i\000t\000i\000o\000n}{section.4.3}% 67
\BOOKMARK [2][-]{subsection.4.3.3}{\376\377\000D\000a\000t\000a\000b\000a\000s\000e\000\040\000D\000e\000s\000i\000g\000n}{section.4.3}% 68
\BOOKMARK [2][-]{subsection.4.3.4}{\376\377\000D\000e\000p\000l\000o\000y\000m\000e\000n\000t\000\040\000D\000i\000a\000g\000r\000a\000m}{section.4.3}% 69
\BOOKMARK [2][-]{subsection.4.3.5}{\376\377\000U\000s\000e\000r\000\040\000I\000n\000t\000e\000r\000f\000a\000c\000e\000\040\000D\000e\000s\000i\000g\000n}{section.4.3}% 70
\BOOKMARK [2][-]{subsection.4.3.6}{\376\377\000S\000y\000s\000t\000e\000m\000\040\000I\000n\000t\000e\000g\000r\000a\000t\000i\000o\000n}{section.4.3}% 71
\BOOKMARK [2][-]{subsection.4.3.7}{\376\377\000S\000e\000c\000u\000r\000i\000t\000y\000\040\000D\000e\000s\000i\000g\000n}{section.4.3}% 72
\BOOKMARK [1][-]{section.4.4}{\376\377\000V\000e\000r\000i\000f\000y\000i\000n\000g\000\040\000t\000h\000e\000\040\000R\000e\000q\000u\000i\000r\000e\000m\000e\000n\000t\000s\000\040\000i\000n\000\040\000t\000h\000e\000\040\000D\000e\000s\000i\000g\000n}{chapter.4}% 73
\BOOKMARK [2][-]{subsection.4.4.1}{\376\377\000R\000e\000q\000u\000i\000r\000e\000m\000e\000n\000t\000s\000\040\000T\000r\000a\000c\000e\000a\000b\000i\000l\000i\000t\000y\000\040\000A\000p\000p\000r\000o\000a\000c\000h}{section.4.4}% 74
\BOOKMARK [2][-]{subsection.4.4.2}{\376\377\000F\000u\000n\000c\000t\000i\000o\000n\000a\000l\000\040\000R\000e\000q\000u\000i\000r\000e\000m\000e\000n\000t\000s\000\040\000V\000e\000r\000i\000f\000i\000c\000a\000t\000i\000o\000n\000\040\000M\000a\000t\000r\000i\000x}{section.4.4}% 75
\BOOKMARK [2][-]{subsection.4.4.3}{\376\377\000N\000o\000n\000-\000F\000u\000n\000c\000t\000i\000o\000n\000a\000l\000\040\000R\000e\000q\000u\000i\000r\000e\000m\000e\000n\000t\000s\000\040\000V\000e\000r\000i\000f\000i\000c\000a\000t\000i\000o\000n\000\040\000M\000a\000t\000r\000i\000x}{section.4.4}% 76
\BOOKMARK [2][-]{subsection.4.4.4}{\376\377\000V\000e\000r\000i\000f\000i\000c\000a\000t\000i\000o\000n\000\040\000M\000e\000t\000h\000o\000d\000s\000\040\000a\000n\000d\000\040\000E\000v\000i\000d\000e\000n\000c\000e}{section.4.4}% 77
\BOOKMARK [2][-]{subsection.4.4.5}{\376\377\000D\000i\000s\000c\000r\000e\000p\000a\000n\000c\000y\000\040\000I\000d\000e\000n\000t\000i\000f\000i\000c\000a\000t\000i\000o\000n\000\040\000a\000n\000d\000\040\000R\000e\000s\000o\000l\000u\000t\000i\000o\000n}{section.4.4}% 78
\BOOKMARK [2][-]{subsection.4.4.6}{\376\377\000E\000v\000i\000d\000e\000n\000c\000e\000\040\000S\000o\000u\000r\000c\000e\000s}{section.4.4}% 79
\BOOKMARK [0][-]{chapter.5}{\376\377\000S\000y\000s\000t\000e\000m\000\040\000I\000m\000p\000l\000e\000m\000e\000n\000t\000a\000t\000i\000o\000n}{}% 80
\BOOKMARK [1][-]{section.5.1}{\376\377\000R\000e\000v\000i\000e\000w\000i\000n\000g\000\040\000t\000h\000e\000\040\000D\000e\000s\000i\000g\000n\000\040\000S\000o\000l\000u\000t\000i\000o\000n}{chapter.5}% 81
\BOOKMARK [1][-]{section.5.2}{\376\377\000D\000e\000c\000i\000d\000i\000n\000g\000\040\000o\000n\000\040\000t\000h\000e\000\040\000D\000e\000v\000e\000l\000o\000p\000m\000e\000n\000t\000\040\000T\000o\000o\000l\000s}{chapter.5}% 82
\BOOKMARK [2][-]{subsection.5.2.1}{\376\377\000P\000r\000o\000g\000r\000a\000m\000m\000i\000n\000g\000\040\000L\000a\000n\000g\000u\000a\000g\000e\000s}{section.5.2}% 83
\BOOKMARK [2][-]{subsection.5.2.2}{\376\377\000F\000r\000a\000m\000e\000w\000o\000r\000k\000s\000\040\000a\000n\000d\000\040\000C\000o\000r\000e\000\040\000L\000i\000b\000r\000a\000r\000i\000e\000s}{section.5.2}% 84
\BOOKMARK [2][-]{subsection.5.2.3}{\376\377\000A\000I\000\040\000a\000n\000d\000\040\000E\000x\000t\000e\000r\000n\000a\000l\000\040\000I\000n\000t\000e\000g\000r\000a\000t\000i\000o\000n\000\040\000T\000o\000o\000l\000s}{section.5.2}% 85
\BOOKMARK [2][-]{subsection.5.2.4}{\376\377\000F\000r\000o\000n\000t\000e\000n\000d\000\040\000a\000n\000d\000\040\000M\000o\000b\000i\000l\000e\000\040\000T\000o\000o\000l\000i\000n\000g}{section.5.2}% 86
\BOOKMARK [2][-]{subsection.5.2.5}{\376\377\000T\000e\000s\000t\000i\000n\000g\000\040\000a\000n\000d\000\040\000Q\000u\000a\000l\000i\000t\000y\000\040\000T\000o\000o\000l\000i\000n\000g}{section.5.2}% 87
\BOOKMARK [2][-]{subsection.5.2.6}{\376\377\000I\000n\000f\000r\000a\000s\000t\000r\000u\000c\000t\000u\000r\000e\000\040\000a\000n\000d\000\040\000R\000u\000n\000t\000i\000m\000e\000\040\000T\000o\000o\000l\000i\000n\000g}{section.5.2}% 88
\BOOKMARK [2][-]{subsection.5.2.7}{\376\377\000D\000e\000v\000e\000l\000o\000p\000m\000e\000n\000t\000\040\000E\000n\000v\000i\000r\000o\000n\000m\000e\000n\000t\000\040\000S\000e\000t\000u\000p}{section.5.2}% 89
\BOOKMARK [2][-]{subsection.5.2.8}{\376\377\000R\000a\000t\000i\000o\000n\000a\000l\000e\000\040\000S\000u\000m\000m\000a\000r\000y}{section.5.2}% 90
\BOOKMARK [1][-]{section.5.3}{\376\377\000D\000e\000v\000e\000l\000o\000p\000i\000n\000g\000\040\000t\000h\000e\000\040\000S\000o\000l\000u\000t\000i\000o\000n}{chapter.5}% 91
\BOOKMARK [2][-]{subsection.5.3.1}{\376\377\000C\000o\000d\000i\000n\000g\000\040\000P\000r\000a\000c\000t\000i\000c\000e\000s\000\040\000a\000n\000d\000\040\000D\000e\000v\000e\000l\000o\000p\000m\000e\000n\000t\000\040\000W\000o\000r\000k\000f\000l\000o\000w}{section.5.3}% 92
\BOOKMARK [2][-]{subsection.5.3.2}{\376\377\000I\000n\000t\000e\000g\000r\000a\000t\000i\000o\000n\000\040\000S\000t\000r\000a\000t\000e\000g\000y\000\040\000D\000u\000r\000i\000n\000g\000\040\000D\000e\000v\000e\000l\000o\000p\000m\000e\000n\000t}{section.5.3}% 93
\BOOKMARK [2][-]{subsection.5.3.3}{\376\377\000M\000a\000j\000o\000r\000\040\000F\000u\000n\000c\000t\000i\000o\000n\000a\000l\000i\000t\000y\000\040\000C\000o\000d\000e\000\040\000E\000x\000c\000e\000r\000p\000t\000s}{section.5.3}% 94
\BOOKMARK [2][-]{subsection.5.3.4}{\376\377\000I\000n\000t\000e\000g\000r\000a\000t\000i\000o\000n\000\040\000C\000h\000a\000l\000l\000e\000n\000g\000e\000s\000\040\000a\000n\000d\000\040\000R\000e\000s\000o\000l\000u\000t\000i\000o\000n\000s}{section.5.3}% 95
\BOOKMARK [2][-]{subsection.5.3.5}{\376\377\000S\000u\000m\000m\000a\000r\000y}{section.5.3}% 96
\BOOKMARK [0][-]{chapter.6}{\376\377\000S\000y\000s\000t\000e\000m\000\040\000E\000v\000a\000l\000u\000a\000t\000i\000o\000n}{}% 97
\BOOKMARK [1][-]{section.6.1}{\376\377\000P\000r\000e\000p\000a\000r\000i\000n\000g\000\040\000S\000a\000m\000p\000l\000e\000\040\000T\000e\000s\000t\000\040\000P\000l\000a\000n\000s}{chapter.6}% 98
\BOOKMARK [2][-]{subsection.6.1.1}{\376\377\000F\000u\000n\000c\000t\000i\000o\000n\000a\000l\000\040\000T\000e\000s\000t\000\040\000P\000l\000a\000n\000s}{section.6.1}% 99
\BOOKMARK [2][-]{subsection.6.1.2}{\376\377\000N\000o\000n\000-\000F\000u\000n\000c\000t\000i\000o\000n\000a\000l\000\040\000T\000e\000s\000t\000\040\000P\000l\000a\000n\000s}{section.6.1}% 100
\BOOKMARK [2][-]{subsection.6.1.3}{\376\377\000A\000u\000t\000o\000m\000a\000t\000e\000d\000\040\000T\000e\000s\000t\000\040\000S\000u\000i\000t\000e\000\040\000I\000m\000p\000l\000e\000m\000e\000n\000t\000a\000t\000i\000o\000n}{section.6.1}% 101
\BOOKMARK [1][-]{section.6.2}{\376\377\000E\000v\000a\000l\000u\000a\000t\000i\000n\000g\000\040\000t\000h\000e\000\040\000P\000r\000o\000p\000o\000s\000e\000d\000\040\000D\000e\000s\000i\000g\000n\000\040\000a\000n\000d\000\040\000S\000o\000l\000u\000t\000i\000o\000n\000s}{chapter.6}% 102
\BOOKMARK [2][-]{subsection.6.2.1}{\376\377\000F\000u\000n\000c\000t\000i\000o\000n\000a\000l\000\040\000T\000e\000s\000t\000\040\000R\000e\000s\000u\000l\000t\000s}{section.6.2}% 103
\BOOKMARK [2][-]{subsection.6.2.2}{\376\377\000N\000o\000n\000-\000F\000u\000n\000c\000t\000i\000o\000n\000a\000l\000\040\000T\000e\000s\000t\000\040\000R\000e\000s\000u\000l\000t\000s}{section.6.2}% 104
\BOOKMARK [2][-]{subsection.6.2.3}{\376\377\000S\000e\000c\000u\000r\000i\000t\000y\000\040\000T\000e\000s\000t\000\040\000R\000e\000s\000u\000l\000t\000s}{section.6.2}% 105
\BOOKMARK [2][-]{subsection.6.2.4}{\376\377\000A\000I\000\040\000P\000r\000o\000v\000i\000d\000e\000r\000\040\000F\000a\000i\000l\000o\000v\000e\000r\000\040\000T\000e\000s\000t\000\040\000R\000e\000s\000u\000l\000t\000s}{section.6.2}% 106
\BOOKMARK [1][-]{section.6.3}{\376\377\000D\000i\000s\000c\000u\000s\000s\000i\000n\000g\000\040\000t\000h\000e\000\040\000R\000e\000s\000u\000l\000t\000s}{chapter.6}% 107
\BOOKMARK [0][-]{chapter.7}{\376\377\000C\000o\000n\000c\000l\000u\000s\000i\000o\000n\000s\000\040\000a\000n\000d\000\040\000R\000e\000c\000o\000m\000m\000e\000n\000d\000a\000t\000i\000o\000n\000s}{}% 108
\BOOKMARK [1][-]{section.7.1}{\376\377\000C\000o\000n\000c\000l\000u\000s\000i\000o\000n\000\040\000o\000f\000\040\000t\000h\000e\000\040\000S\000t\000u\000d\000y}{chapter.7}% 109
\BOOKMARK [1][-]{section.7.2}{\376\377\000R\000e\000c\000o\000m\000m\000e\000n\000d\000a\000t\000i\000o\000n\000s\000\040\000o\000f\000\040\000t\000h\000e\000\040\000S\000t\000u\000d\000y}{chapter.7}% 110
\BOOKMARK [0][-]{chapter*.28}{\376\377\000R\000e\000f\000e\000r\000e\000n\000c\000e\000s}{}% 111
\BOOKMARK [0][-]{appendix*.29}{\376\377\000A\000p\000p\000e\000n\000d\000i\000x\000\040\000A\000:\000\040\000S\000o\000u\000r\000c\000e\000\040\000C\000o\000d\000e\000\040\000a\000n\000d\000\040\000S\000u\000p\000p\000l\000e\000m\000e\000n\000t\000a\000r\000y\000\040\000M\000a\000t\000e\000r\000i\000a\000l\000s}{}% 112
\BOOKMARK [1][-]{section.A.1}{\376\377\000C\000o\000r\000e\000\040\000A\000l\000g\000o\000r\000i\000t\000h\000m\000\040\000P\000s\000e\000u\000d\000o\000c\000o\000d\000e}{appendix*.29}% 113
\BOOKMARK [1][-]{section.A.2}{\376\377\000A\000d\000a\000p\000t\000i\000v\000e\000\040\000D\000i\000f\000f\000i\000c\000u\000l\000t\000y\000\040\000C\000o\000m\000p\000u\000t\000a\000t\000i\000o\000n}{appendix*.29}% 114
\BOOKMARK [1][-]{section.A.3}{\376\377\000M\000a\000s\000t\000e\000r\000y\000\040\000D\000e\000c\000a\000y\000\040\000T\000r\000a\000n\000s\000i\000t\000i\000o\000n\000\040\000L\000o\000g\000i\000c}{appendix*.29}% 115
